v ATLAS
# This file was created by ATLAS version 5.28.1.R on Tue Dec 16 16:13:42 2025.
#SSF 2.0 generic
##############################################################################
#                    Copyright (c) 1984 - 2019                               #
#                    Silvaco Inc. All rights reserved                        #
#                                                                            #
# This file format and the following Key are copyright Silvaco Inc.          #
# You may not use, this format or key without reproducing this message in    #
# full and obtaining express written permission from Silvaco Inc.            #
#                                                                            #
# To obtain such permission please contact: Silvaco Inc.                     #
#                                           support@silvaco.com              #
#                                                                            #
# KEY=SVC86hn7562asdx                       PROD=345                         #
##############################################################################
y 3 700 711 15
z 0.1 0.01 300
f 4 "gate" "source" "drain" "base" 
p 13 61 2 601 20 3 602 21 4 603 22 5 604 23 
d 1.00000000000000e-011 0.000000000e+000 0.000000000e+000 6.311259162e+007 0.000000000e+000 0.000000000e+000 -2.500255403e+005 0.000000000e+000 0.000000000e+000 -2.500255403e+005 0.000000000e+000 0.000000000e+000 6.386157482e+007 
d 3.00000000000000e-011 0.000000000e+000 0.000000000e+000 -4.208343127e-021 0.000000000e+000 0.000000000e+000 -1.385216612e-018 0.000000000e+000 0.000000000e+000 -3.669389260e-019 0.000000000e+000 0.000000000e+000 -2.104171564e-021 
d 7.00000000000000e-011 0.000000000e+000 0.000000000e+000 -5.260428909e-021 0.000000000e+000 0.000000000e+000 -6.266608294e-019 0.000000000e+000 0.000000000e+000 -3.655983804e-019 0.000000000e+000 0.000000000e+000 -1.052085782e-021 
d 1.50000000000000e-010 0.000000000e+000 0.000000000e+000 -2.630214455e-021 0.000000000e+000 0.000000000e+000 -7.050519439e-019 0.000000000e+000 0.000000000e+000 -3.655478597e-019 0.000000000e+000 0.000000000e+000 1.578128673e-021 
d 3.10000000000000e-010 0.000000000e+000 0.000000000e+000 -5.260428909e-022 0.000000000e+000 0.000000000e+000 -3.655197270e-019 0.000000000e+000 0.000000000e+000 -3.655104293e-019 0.000000000e+000 0.000000000e+000 1.578128673e-021 
d 6.30000000000000e-010 0.000000000e+000 0.000000000e+000 -7.890643364e-022 0.000000000e+000 0.000000000e+000 -2.871807860e-019 0.000000000e+000 0.000000000e+000 -1.566589206e-019 0.000000000e+000 0.000000000e+000 3.945321682e-022 
d 1.27000000000000e-009 0.000000000e+000 0.000000000e+000 -1.315107227e-022 0.000000000e+000 0.000000000e+000 -2.088659980e-019 0.000000000e+000 0.000000000e+000 -2.088729500e-019 0.000000000e+000 0.000000000e+000 1.315107227e-022 
d 2.55000000000000e-009 0.000000000e+000 0.000000000e+000 9.863304204e-023 0.000000000e+000 0.000000000e+000 -2.871912015e-019 0.000000000e+000 0.000000000e+000 -1.566537142e-019 0.000000000e+000 0.000000000e+000 1.315107227e-022 
d 5.11000000000000e-009 0.000000000e+000 0.000000000e+000 3.287768068e-023 0.000000000e+000 0.000000000e+000 -2.088644908e-019 0.000000000e+000 0.000000000e+000 -1.044322023e-019 0.000000000e+000 0.000000000e+000 4.931652102e-023 
d 1.00000000000000e-008 0.000000000e+000 0.000000000e+000 0.000000000e+000 0.000000000e+000 0.000000000e+000 -2.871903564e-019 0.000000000e+000 0.000000000e+000 -3.655165389e-019 0.000000000e+000 0.000000000e+000 2.581805600e-023 
