v ATLAS
# This file was created by ATLAS version 5.28.1.R on Tue Dec 16 16:14:01 2025.
#SSF 2.0 generic
##############################################################################
#                    Copyright (c) 1984 - 2019                               #
#                    Silvaco Inc. All rights reserved                        #
#                                                                            #
# This file format and the following Key are copyright Silvaco Inc.          #
# You may not use, this format or key without reproducing this message in    #
# full and obtaining express written permission from Silvaco Inc.            #
#                                                                            #
# To obtain such permission please contact: Silvaco Inc.                     #
#                                           support@silvaco.com              #
#                                                                            #
# KEY=SVC86hn7562asdx                       PROD=345                         #
##############################################################################
y 3 700 711 15
z 0.1 0.01 300
f 4 "gate" "source" "drain" "base" 
p 13 61 2 601 20 3 602 21 4 603 22 5 604 23 
d 1.00100000000000e-008 -1.000000000e-002 -1.000000000e-002 -3.214894883e-007 -1.000000000e-002 -1.000000000e-002 -2.678084439e-007 2.000000000e-002 2.000000000e-002 9.139500026e-007 -1.000000000e-002 -1.000000000e-002 -3.246520704e-007 
d 1.00194522077107e-008 -1.945220771e-002 -1.945220771e-002 -3.188911997e-007 -1.945220771e-002 -1.945220771e-002 -3.301594272e-007 3.890441542e-002 3.890441542e-002 9.710801245e-007 -1.945220771e-002 -1.945220771e-002 -3.220294976e-007 
d 1.00323787407374e-008 -3.237874074e-002 -3.237874074e-002 -3.164767753e-007 -3.237874074e-002 -3.237874074e-002 -4.321617936e-007 6.475748147e-002 6.475748147e-002 1.068238183e-006 -3.237874074e-002 -3.237874074e-002 -3.195996147e-007 
d 1.00582318067907e-008 -5.823180679e-002 -5.823180679e-002 -3.124424195e-007 -5.823180679e-002 -5.823180679e-002 -7.732143777e-007 1.164636136e-001 1.164636136e-001 1.401217146e-006 -5.823180679e-002 -5.823180679e-002 -3.155603490e-007 
d 1.01099379388974e-008 -1.099379389e-001 -1.099379389e-001 -3.055923422e-007 -1.099379389e-001 -1.099379389e-001 -2.639511046e-006 2.198758778e-001 2.198758778e-001 3.253885357e-006 -1.099379389e-001 -1.099379389e-001 -3.087819695e-007 
d 1.02094489433815e-008 -2.094489434e-001 -2.094489434e-001 -2.969675943e-007 -2.094489434e-001 -2.094489434e-001 -1.572577577e-005 4.188978868e-001 4.188978868e-001 1.632440836e-005 -2.094489434e-001 -2.094489434e-001 -3.016649953e-007 
d 1.03400878727257e-008 -3.400878727e-001 -3.400878727e-001 -3.530877906e-007 -3.400878727e-001 -3.400878727e-001 -8.479534437e-005 6.801757455e-001 6.801757455e-001 8.551826060e-005 -3.400878727e-001 -3.400878727e-001 -3.698284461e-007 
d 1.04215781399628e-008 -4.215781400e-001 -4.215781400e-001 -2.861040269e-007 -4.215781400e-001 -4.215781400e-001 -3.873772178e-004 8.431562799e-001 8.431562799e-001 3.879680472e-004 -4.215781400e-001 -4.215781400e-001 -3.047253478e-007 
d 1.04763426284891e-008 -4.763426285e-001 -4.763426285e-001 -2.076157078e-007 -4.763426285e-001 -4.763426285e-001 -1.136299848e-003 9.526852570e-001 9.526852570e-001 1.136732558e-003 -4.763426285e-001 -4.763426285e-001 -2.250940542e-007 
d 1.05311071170154e-008 -5.311071170e-001 -5.311071170e-001 -1.853562607e-007 -5.311071170e-001 -5.311071170e-001 -2.890009145e-003 1.062214234e+000 1.062214234e+000 2.890391406e-003 -5.311071170e-001 -5.311071170e-001 -1.969046614e-007 
d 1.05858716055417e-008 -5.858716055e-001 -5.858716055e-001 -1.951980379e-007 -5.858716055e-001 -5.858716055e-001 -6.181297573e-003 1.171743211e+000 1.171743211e+000 6.181683099e-003 -5.858716055e-001 -5.858716055e-001 -1.903290208e-007 
d 1.06406360940680e-008 -6.406360941e-001 -6.406360941e-001 -2.087643911e-007 -6.406360941e-001 -6.406360941e-001 -1.088548788e-002 1.281272188e+000 1.281272188e+000 1.088589354e-002 -6.406360941e-001 -6.406360941e-001 -1.968934417e-007 
d 1.06954005825943e-008 -6.954005826e-001 -6.954005826e-001 -2.172793496e-007 -6.954005826e-001 -6.954005826e-001 -1.621848116e-002 1.390801165e+000 1.390801165e+000 1.621890630e-002 -6.954005826e-001 -6.954005826e-001 -2.078569712e-007 
d 1.08049295596469e-008 -8.049295596e-001 -8.049295596e-001 -2.246968287e-007 -8.049295596e-001 -8.049295596e-001 -2.694559457e-002 1.609859119e+000 1.609859119e+000 2.694604020e-002 -8.049295596e-001 -8.049295596e-001 -2.209279578e-007 
d 1.09144585366995e-008 -9.144585367e-001 -9.144585367e-001 -2.341056024e-007 -9.144585367e-001 -9.144585367e-001 -3.733398477e-002 1.828917073e+000 1.828917073e+000 3.733445059e-002 -9.144585367e-001 -9.144585367e-001 -2.317098890e-007 
d 1.10239875137521e-008 -1.000000000e+000 -1.000000000e+000 -6.393577549e-008 -1.000000000e+000 -1.000000000e+000 -4.587281089e-002 2.000000000e+000 2.000000000e+000 4.587293766e-002 -1.000000000e+000 -1.000000000e+000 -6.283144698e-008 
d 1.11335164908047e-008 -1.000000000e+000 -1.000000000e+000 -7.953835066e-010 -1.000000000e+000 -1.000000000e+000 -4.610452861e-002 2.000000000e+000 2.000000000e+000 4.610453058e-002 -1.000000000e+000 -1.000000000e+000 -1.175179490e-009 
d 1.12430454678573e-008 -1.000000000e+000 -1.000000000e+000 1.894818804e-010 -1.000000000e+000 -1.000000000e+000 -4.606369782e-002 2.000000000e+000 2.000000000e+000 4.606369737e-002 -1.000000000e+000 -1.000000000e+000 2.570850853e-010 
d 1.13525744449099e-008 -1.000000000e+000 -1.000000000e+000 -3.604867453e-011 -1.000000000e+000 -1.000000000e+000 -4.607097686e-002 2.000000000e+000 2.000000000e+000 4.607097695e-002 -1.000000000e+000 -1.000000000e+000 -4.809382952e-011 
d 1.15716323990151e-008 -1.000000000e+000 -1.000000000e+000 4.362082006e-012 -1.000000000e+000 -1.000000000e+000 -4.606974372e-002 2.000000000e+000 2.000000000e+000 4.606974371e-002 -1.000000000e+000 -1.000000000e+000 5.790790863e-012 
d 1.20097483072254e-008 -1.000000000e+000 -1.000000000e+000 -3.010950622e-013 -1.000000000e+000 -1.000000000e+000 -4.606988352e-002 2.000000000e+000 2.000000000e+000 4.606988352e-002 -1.000000000e+000 -1.000000000e+000 -3.992672182e-013 
d 1.28859801236462e-008 -1.000000000e+000 -1.000000000e+000 1.162274771e-014 -1.000000000e+000 -1.000000000e+000 -4.606987418e-002 2.000000000e+000 2.000000000e+000 4.606987418e-002 -1.000000000e+000 -1.000000000e+000 1.524114993e-014 
d 1.46384437564878e-008 -1.000000000e+000 -1.000000000e+000 -1.314782355e-016 -1.000000000e+000 -1.000000000e+000 -4.606987454e-002 2.000000000e+000 2.000000000e+000 4.606987454e-002 -1.000000000e+000 -1.000000000e+000 -2.041415121e-016 
d 1.81433710221709e-008 -1.000000000e+000 -1.000000000e+000 4.890184186e-019 -1.000000000e+000 -1.000000000e+000 -4.606987453e-002 2.000000000e+000 2.000000000e+000 4.606987453e-002 -1.000000000e+000 -1.000000000e+000 1.257798406e-018 
d 2.00000000000000e-008 -1.000000000e+000 -1.000000000e+000 2.366391065e-020 -1.000000000e+000 -1.000000000e+000 -4.606987453e-002 2.000000000e+000 2.000000000e+000 4.606987453e-002 -1.000000000e+000 -1.000000000e+000 7.525304921e-021 
