v ATLAS
# This file was created by ATLAS version 5.28.1.R on Tue Dec 16 16:25:35 2025.
#SSF 2.0 generic
##############################################################################
#                    Copyright (c) 1984 - 2019                               #
#                    Silvaco Inc. All rights reserved                        #
#                                                                            #
# This file format and the following Key are copyright Silvaco Inc.          #
# You may not use, this format or key without reproducing this message in    #
# full and obtaining express written permission from Silvaco Inc.            #
#                                                                            #
# To obtain such permission please contact: Silvaco Inc.                     #
#                                           support@silvaco.com              #
#                                                                            #
# KEY=SVC86hn7562asdx                       PROD=345                         #
##############################################################################
y 3 700 711 15
z 0.1 0.01 300
f 4 "gate" "source" "drain" "base" 
p 13 61 2 601 20 3 602 21 4 603 22 5 604 23 
d 6.00100000000000e-008 -1.965000000e+000 -1.965000000e+000 5.824520317e-007 1.005000000e+000 1.005000000e+000 -2.827000031e-007 1.010000000e+000 1.010000000e+000 -1.241108271e-007 -2.000000000e+000 -2.000000000e+000 -1.756412015e-007 
d 6.00198130386735e-008 -1.930654365e+000 -1.930654365e+000 5.823009867e-007 1.009906519e+000 1.009906519e+000 -2.825689934e-007 1.019813039e+000 1.019813039e+000 -1.241010295e-007 -2.000000000e+000 -2.000000000e+000 -1.756309639e-007 
d 6.00323115684665e-008 -1.886909510e+000 -1.886909510e+000 5.823839774e-007 1.016155784e+000 1.016155784e+000 -2.826271524e-007 1.032311568e+000 1.032311568e+000 -1.241378390e-007 -2.000000000e+000 -2.000000000e+000 -1.756189860e-007 
d 6.00553797516647e-008 -1.806170869e+000 -1.806170869e+000 5.825362796e-007 1.027689876e+000 1.027689876e+000 -2.827338433e-007 1.055379752e+000 1.055379752e+000 -1.242070426e-007 -2.000000000e+000 -2.000000000e+000 -1.755953938e-007 
d 6.01015161180610e-008 -1.644693587e+000 -1.644693587e+000 5.828395992e-007 1.050758059e+000 1.050758059e+000 -2.829474773e-007 1.101516118e+000 1.101516118e+000 -1.243442350e-007 -2.000000000e+000 -2.000000000e+000 -1.755478868e-007 
d 6.01937888508537e-008 -1.321739022e+000 -1.321739022e+000 5.834451907e-007 1.096894425e+000 1.096894425e+000 -2.833797629e-007 1.193788851e+000 1.193788851e+000 -1.246145646e-007 -2.000000000e+000 -2.000000000e+000 -1.754508632e-007 
d 6.03783343164391e-008 -6.758298925e-001 -6.758298925e-001 5.847208908e-007 1.189167158e+000 1.189167158e+000 -2.843271062e-007 1.378334316e+000 1.378334316e+000 -1.251464949e-007 -2.000000000e+000 -2.000000000e+000 -1.752472897e-007 
d 6.05579333298825e-008 -4.723334541e-002 -4.723334541e-002 5.862361846e-007 1.278966665e+000 1.278966665e+000 -2.855335703e-007 1.557933330e+000 1.557933330e+000 -1.256729844e-007 -2.000000000e+000 -2.000000000e+000 -1.750296299e-007 
d 6.07375323433260e-008 5.813632016e-001 5.813632016e-001 5.884816394e-007 1.368766172e+000 1.368766172e+000 -2.872747916e-007 1.737532343e+000 1.737532343e+000 -1.261763804e-007 -2.000000000e+000 -2.000000000e+000 -1.750304673e-007 
d 6.08273318500477e-008 8.956614752e-001 8.956614752e-001 5.906960059e-007 1.413665925e+000 1.413665925e+000 -2.886835622e-007 1.827331850e+000 1.827331850e+000 -1.263389407e-007 -2.000000000e+000 -2.000000000e+000 -1.756735030e-007 
d 6.08722316034086e-008 1.052810612e+000 1.052810612e+000 5.908714815e-007 1.436115802e+000 1.436115802e+000 -2.899174052e-007 1.872231603e+000 1.872231603e+000 -1.263899640e-007 -2.000000000e+000 -2.000000000e+000 -1.745641123e-007 
d 6.08831088202884e-008 1.090880871e+000 1.090880871e+000 5.911649844e-007 1.441554410e+000 1.441554410e+000 -2.902958438e-007 1.883108820e+000 1.883108820e+000 -1.263880627e-007 -2.000000000e+000 -2.000000000e+000 -1.744810778e-007 
d 6.08886729785403e-008 1.110355425e+000 1.110355425e+000 5.913261959e-007 1.444336489e+000 1.444336489e+000 -2.904828824e-007 1.888672979e+000 1.888672979e+000 -1.263817216e-007 -2.000000000e+000 -2.000000000e+000 -1.744615920e-007 
d 6.08942371367922e-008 1.129829979e+000 1.129829979e+000 5.914963493e-007 1.447118568e+000 1.447118568e+000 -2.906802444e-007 1.894237137e+000 1.894237137e+000 -1.263729140e-007 -2.000000000e+000 -2.000000000e+000 -1.744431909e-007 
d 6.08998012950442e-008 1.149304533e+000 1.149304533e+000 5.916756281e-007 1.449900648e+000 1.449900648e+000 -2.908886743e-007 1.899801295e+000 1.899801295e+000 -1.263600788e-007 -2.000000000e+000 -2.000000000e+000 -1.744268751e-007 
d 6.09053654532961e-008 1.168779087e+000 1.168779087e+000 5.918635657e-007 1.452682727e+000 1.452682727e+000 -2.911101208e-007 1.905365453e+000 1.905365453e+000 -1.263425549e-007 -2.000000000e+000 -2.000000000e+000 -1.744108900e-007 
d 6.09164937697999e-008 1.207728194e+000 1.207728194e+000 5.922645558e-007 1.458246885e+000 1.458246885e+000 -2.915973027e-007 1.916493770e+000 1.916493770e+000 -1.262888923e-007 -2.000000000e+000 -2.000000000e+000 -1.743783607e-007 
d 6.09387504028076e-008 1.285626410e+000 1.285626410e+000 5.931876912e-007 1.469375201e+000 1.469375201e+000 -2.928295695e-007 1.938750403e+000 1.938750403e+000 -1.260503824e-007 -2.000000000e+000 -2.000000000e+000 -1.743077393e-007 
d 6.09832636688229e-008 1.441422841e+000 1.441422841e+000 5.957459282e-007 1.491631834e+000 1.491631834e+000 -2.980043633e-007 1.983263669e+000 1.983263669e+000 -1.236050926e-007 -2.000000000e+000 -2.000000000e+000 -1.741364724e-007 
d 6.10276564794468e-008 1.500000000e+000 1.500000000e+000 -1.590007257e-007 1.500000000e+000 1.500000000e+000 7.293194627e-008 2.000000000e+000 2.000000000e+000 3.970394437e-008 -2.000000000e+000 -2.000000000e+000 4.636483504e-008 
d 6.10386476002994e-008 1.500000000e+000 1.500000000e+000 8.871792961e-011 1.500000000e+000 1.500000000e+000 -6.087925678e-009 2.000000000e+000 2.000000000e+000 6.021007778e-009 -2.000000000e+000 -2.000000000e+000 -2.180002663e-011 
d 6.10390113451286e-008 1.500000000e+000 1.500000000e+000 -9.547058911e-012 1.500000000e+000 1.500000000e+000 -5.989647188e-009 2.000000000e+000 2.000000000e+000 6.026898044e-009 -2.000000000e+000 -2.000000000e+000 -2.770404517e-011 
d 6.10393750899577e-008 1.500000000e+000 1.500000000e+000 -8.181326235e-013 1.500000000e+000 1.500000000e+000 -6.000811897e-009 2.000000000e+000 2.000000000e+000 6.028817171e-009 -2.000000000e+000 -2.000000000e+000 -2.718737754e-011 
d 6.10397388347868e-008 1.500000000e+000 1.500000000e+000 -1.988171497e-012 1.500000000e+000 1.500000000e+000 -5.999085783e-009 2.000000000e+000 2.000000000e+000 6.028711329e-009 -2.000000000e+000 -2.000000000e+000 -2.763760666e-011 
d 6.10401025796159e-008 1.500000000e+000 1.500000000e+000 -1.573598859e-012 1.500000000e+000 1.500000000e+000 -5.999345935e-009 2.000000000e+000 2.000000000e+000 6.028833291e-009 -2.000000000e+000 -2.000000000e+000 -2.791399073e-011 
d 6.10404663244451e-008 1.500000000e+000 1.500000000e+000 -1.509150421e-012 1.500000000e+000 1.500000000e+000 -5.999213066e-009 2.000000000e+000 2.000000000e+000 6.028900555e-009 -2.000000000e+000 -2.000000000e+000 -2.817856282e-011 
d 6.10411938141033e-008 1.500000000e+000 1.500000000e+000 -1.375112585e-012 1.500000000e+000 1.500000000e+000 -5.999130442e-009 2.000000000e+000 2.000000000e+000 6.029017060e-009 -2.000000000e+000 -2.000000000e+000 -2.851163972e-011 
d 6.10426487934198e-008 1.500000000e+000 1.500000000e+000 -1.300091164e-012 1.500000000e+000 1.500000000e+000 -5.999091688e-009 2.000000000e+000 2.000000000e+000 6.029122962e-009 -2.000000000e+000 -2.000000000e+000 -2.873127080e-011 
d 6.10455587520528e-008 1.500000000e+000 1.500000000e+000 -1.283302919e-012 1.500000000e+000 1.500000000e+000 -5.999120836e-009 2.000000000e+000 2.000000000e+000 6.029191900e-009 -2.000000000e+000 -2.000000000e+000 -2.878778558e-011 
d 6.10513786693188e-008 1.500000000e+000 1.500000000e+000 -1.281742260e-012 1.500000000e+000 1.500000000e+000 -5.999147667e-009 2.000000000e+000 2.000000000e+000 6.029227588e-009 -2.000000000e+000 -2.000000000e+000 -2.879819904e-011 
d 6.10542333627231e-008 1.500000000e+000 1.500000000e+000 -1.281637519e-012 1.500000000e+000 1.500000000e+000 -5.999153523e-009 2.000000000e+000 2.000000000e+000 6.029233777e-009 -2.000000000e+000 -2.000000000e+000 -2.879862723e-011 
d 6.10599427495318e-008 1.500000000e+000 1.500000000e+000 -1.281684914e-012 1.500000000e+000 1.500000000e+000 -5.999165339e-009 2.000000000e+000 2.000000000e+000 6.029245611e-009 -2.000000000e+000 -2.000000000e+000 -2.879854839e-011 
d 6.10713615231490e-008 1.500000000e+000 1.500000000e+000 -1.281680945e-012 1.500000000e+000 1.500000000e+000 -5.999188844e-009 2.000000000e+000 2.000000000e+000 6.029269139e-009 -2.000000000e+000 -2.000000000e+000 -2.879863782e-011 
d 6.10941990703836e-008 1.500000000e+000 1.500000000e+000 -1.281687868e-012 1.500000000e+000 1.500000000e+000 -5.999235832e-009 2.000000000e+000 2.000000000e+000 6.029316282e-009 -2.000000000e+000 -2.000000000e+000 -2.879878317e-011 
d 6.11398741648526e-008 1.500000000e+000 1.500000000e+000 -1.281699169e-012 1.500000000e+000 1.500000000e+000 -5.999329791e-009 2.000000000e+000 2.000000000e+000 6.029410573e-009 -2.000000000e+000 -2.000000000e+000 -2.879908395e-011 
d 6.12312243537907e-008 1.500000000e+000 1.500000000e+000 -1.281725190e-012 1.500000000e+000 1.500000000e+000 -5.999517719e-009 2.000000000e+000 2.000000000e+000 6.029599230e-009 -2.000000000e+000 -2.000000000e+000 -2.879974783e-011 
d 6.14139247316669e-008 1.500000000e+000 1.500000000e+000 -1.281821900e-012 1.500000000e+000 1.500000000e+000 -5.999893292e-009 2.000000000e+000 2.000000000e+000 6.029977132e-009 -2.000000000e+000 -2.000000000e+000 -2.880205047e-011 
d 6.17490664780443e-008 1.500000000e+000 1.500000000e+000 -1.281848319e-012 1.500000000e+000 1.500000000e+000 -6.000583458e-009 2.000000000e+000 2.000000000e+000 6.030668353e-009 -2.000000000e+000 -2.000000000e+000 -2.880301957e-011 
d 6.21417754596995e-008 1.500000000e+000 1.500000000e+000 -1.281945691e-012 1.500000000e+000 1.500000000e+000 -6.001391830e-009 2.000000000e+000 2.000000000e+000 6.031479338e-009 -2.000000000e+000 -2.000000000e+000 -2.880556633e-011 
d 6.27751409956220e-008 1.500000000e+000 1.500000000e+000 -1.282101844e-012 1.500000000e+000 1.500000000e+000 -6.002695964e-009 2.000000000e+000 2.000000000e+000 6.032787733e-009 -2.000000000e+000 -2.000000000e+000 -2.880967183e-011 
d 6.32239751291949e-008 1.500000000e+000 1.500000000e+000 -1.282212280e-012 1.500000000e+000 1.500000000e+000 -6.003620419e-009 2.000000000e+000 2.000000000e+000 6.033715165e-009 -2.000000000e+000 -2.000000000e+000 -2.881257618e-011 
d 6.35053158593461e-008 1.500000000e+000 1.500000000e+000 -1.282281626e-012 1.500000000e+000 1.500000000e+000 -6.004199995e-009 2.000000000e+000 2.000000000e+000 6.034296714e-009 -2.000000000e+000 -2.000000000e+000 -2.881439963e-011 
d 6.38516721293097e-008 1.500000000e+000 1.500000000e+000 -1.282366972e-012 1.500000000e+000 1.500000000e+000 -6.004913674e-009 2.000000000e+000 2.000000000e+000 6.035012678e-009 -2.000000000e+000 -2.000000000e+000 -2.881664392e-011 
d 6.45443846692368e-008 1.500000000e+000 1.500000000e+000 -1.282538396e-012 1.500000000e+000 1.500000000e+000 -6.006341391e-009 2.000000000e+000 2.000000000e+000 6.036445084e-009 -2.000000000e+000 -2.000000000e+000 -2.882115013e-011 
d 6.50250471469416e-008 1.500000000e+000 1.500000000e+000 -1.282656143e-012 1.500000000e+000 1.500000000e+000 -6.007332383e-009 2.000000000e+000 2.000000000e+000 6.037439296e-009 -2.000000000e+000 -2.000000000e+000 -2.882424888e-011 
d 6.53025373954823e-008 1.500000000e+000 1.500000000e+000 -1.282724579e-012 1.500000000e+000 1.500000000e+000 -6.007904623e-009 2.000000000e+000 2.000000000e+000 6.038013436e-009 -2.000000000e+000 -2.000000000e+000 -2.882604868e-011 
d 6.56072583696421e-008 1.500000000e+000 1.500000000e+000 -1.282799702e-012 1.500000000e+000 1.500000000e+000 -6.008533142e-009 2.000000000e+000 2.000000000e+000 6.038643942e-009 -2.000000000e+000 -2.000000000e+000 -2.882802451e-011 
d 6.62167003179616e-008 1.500000000e+000 1.500000000e+000 -1.282949984e-012 1.500000000e+000 1.500000000e+000 -6.009790443e-009 2.000000000e+000 2.000000000e+000 6.039905399e-009 -2.000000000e+000 -2.000000000e+000 -2.883197727e-011 
d 6.67353950611690e-008 1.500000000e+000 1.500000000e+000 -1.283077870e-012 1.500000000e+000 1.500000000e+000 -6.010860895e-009 2.000000000e+000 2.000000000e+000 6.040979309e-009 -2.000000000e+000 -2.000000000e+000 -2.883534096e-011 
d 6.70299693728079e-008 1.500000000e+000 1.500000000e+000 -1.283150534e-012 1.500000000e+000 1.500000000e+000 -6.011468939e-009 2.000000000e+000 2.000000000e+000 6.041589368e-009 -2.000000000e+000 -2.000000000e+000 -2.883725249e-011 
d 6.73131941148271e-008 1.500000000e+000 1.500000000e+000 -1.283220396e-012 1.500000000e+000 1.500000000e+000 -6.012053675e-009 2.000000000e+000 2.000000000e+000 6.042176006e-009 -2.000000000e+000 -2.000000000e+000 -2.883909012e-011 
d 6.78796435988654e-008 1.500000000e+000 1.500000000e+000 -1.283360056e-012 1.500000000e+000 1.500000000e+000 -6.013223417e-009 2.000000000e+000 2.000000000e+000 6.043349508e-009 -2.000000000e+000 -2.000000000e+000 -2.884276429e-011 
d 6.83795363368277e-008 1.500000000e+000 1.500000000e+000 -1.283483431e-012 1.500000000e+000 1.500000000e+000 -6.014255995e-009 2.000000000e+000 2.000000000e+000 6.044385552e-009 -2.000000000e+000 -2.000000000e+000 -2.884600984e-011 
d 6.86713584996675e-008 1.500000000e+000 1.500000000e+000 -1.283555457e-012 1.500000000e+000 1.500000000e+000 -6.014858925e-009 2.000000000e+000 2.000000000e+000 6.044990412e-009 -2.000000000e+000 -2.000000000e+000 -2.884790476e-011 
d 6.89696879291464e-008 1.500000000e+000 1.500000000e+000 -1.283629076e-012 1.500000000e+000 1.500000000e+000 -6.015475433e-009 2.000000000e+000 2.000000000e+000 6.045608925e-009 -2.000000000e+000 -2.000000000e+000 -2.884984153e-011 
d 6.95663467881044e-008 1.500000000e+000 1.500000000e+000 -1.283776304e-012 1.500000000e+000 1.500000000e+000 -6.016708704e-009 2.000000000e+000 2.000000000e+000 6.046846238e-009 -2.000000000e+000 -2.000000000e+000 -2.885371527e-011 
d 7.00000000000000e-008 1.500000000e+000 1.500000000e+000 -1.283883344e-012 1.500000000e+000 1.500000000e+000 -6.017605320e-009 2.000000000e+000 2.000000000e+000 6.047745734e-009 -2.000000000e+000 -2.000000000e+000 -2.885653156e-011 
