v ATLAS
# This file was created by ATLAS version 5.28.1.R on Tue Dec 16 16:19:55 2025.
#SSF 2.0 generic
##############################################################################
#                    Copyright (c) 1984 - 2019                               #
#                    Silvaco Inc. All rights reserved                        #
#                                                                            #
# This file format and the following Key are copyright Silvaco Inc.          #
# You may not use, this format or key without reproducing this message in    #
# full and obtaining express written permission from Silvaco Inc.            #
#                                                                            #
# To obtain such permission please contact: Silvaco Inc.                     #
#                                           support@silvaco.com              #
#                                                                            #
# KEY=SVC86hn7562asdx                       PROD=345                         #
##############################################################################
y 3 700 711 15
z 0.1 0.01 300
f 4 "gate" "source" "drain" "base" 
p 13 61 2 601 20 3 602 21 4 603 22 5 604 23 
d 4.00100000000000e-008 1.485000000e+000 1.485000000e+000 9.208871066e-008 1.480000000e+000 1.480000000e+000 -8.808728992e-006 1.975000000e+000 1.975000000e+000 7.591482364e-006 -1.980000000e+000 -1.980000000e+000 1.125157917e-006 
d 4.00300000000000e-008 1.455000000e+000 1.455000000e+000 6.882705104e-008 1.440000000e+000 1.440000000e+000 -1.216432724e-005 1.925000000e+000 1.925000000e+000 1.091891083e-005 -1.940000000e+000 -1.940000000e+000 1.176589356e-006 
d 4.00700000000000e-008 1.395000000e+000 1.395000000e+000 9.149541781e-008 1.360000000e+000 1.360000000e+000 -2.237465068e-005 1.825000000e+000 1.825000000e+000 2.103694433e-005 -1.860000000e+000 -1.860000000e+000 1.246210934e-006 
d 4.01500000000000e-008 1.275000000e+000 1.275000000e+000 1.442849691e-007 1.200000000e+000 1.200000000e+000 -4.837318302e-005 1.625000000e+000 1.625000000e+000 4.685750742e-005 -1.700000000e+000 -1.700000000e+000 1.371390624e-006 
d 4.02300000000000e-008 1.155000000e+000 1.155000000e+000 1.695869596e-007 1.040000000e+000 1.040000000e+000 -6.501943935e-005 1.425000000e+000 1.425000000e+000 6.342437042e-005 -1.540000000e+000 -1.540000000e+000 1.425481970e-006 
d 4.03100000000000e-008 1.035000000e+000 1.035000000e+000 1.776153585e-007 8.800000000e-001 8.800000000e-001 -7.072345912e-005 1.225000000e+000 1.225000000e+000 6.910231657e-005 -1.380000000e+000 -1.380000000e+000 1.443527195e-006 
d 4.03900000000000e-008 9.150000000e-001 9.150000000e-001 1.798121544e-007 7.200000000e-001 7.200000000e-001 -7.160359188e-005 1.025000000e+000 1.025000000e+000 6.997622398e-005 -1.220000000e+000 -1.220000000e+000 1.447555752e-006 
d 4.04700000000000e-008 7.950000000e-001 7.950000000e-001 1.805105065e-007 5.600000000e-001 5.600000000e-001 -7.102783219e-005 8.250000000e-001 8.250000000e-001 6.940102809e-005 -1.060000000e+000 -1.060000000e+000 1.446293594e-006 
d 4.05500000000000e-008 6.750000000e-001 6.750000000e-001 1.813101468e-007 4.000000000e-001 4.000000000e-001 -7.015902208e-005 6.250000000e-001 6.250000000e-001 6.853526814e-005 -9.000000000e-001 -9.000000000e-001 1.442443793e-006 
d 4.06300000000000e-008 5.550000000e-001 5.550000000e-001 1.821576046e-007 2.400000000e-001 2.400000000e-001 -6.865225231e-005 4.250000000e-001 4.250000000e-001 6.703411638e-005 -7.400000000e-001 -7.400000000e-001 1.435978326e-006 
d 4.07100000000000e-008 4.350000000e-001 4.350000000e-001 1.851545294e-007 8.000000000e-002 8.000000000e-002 -6.612186440e-005 2.250000000e-001 2.250000000e-001 6.451083377e-005 -5.800000000e-001 -5.800000000e-001 1.425876104e-006 
d 4.07900000000000e-008 3.150000000e-001 3.150000000e-001 1.909358629e-007 -8.000000000e-002 -8.000000000e-002 -6.135235998e-005 2.500000000e-002 2.500000000e-002 5.975382196e-005 -4.200000000e-001 -4.200000000e-001 1.407602151e-006 
d 4.08700000000000e-008 1.950000000e-001 1.950000000e-001 2.027910551e-007 -2.400000000e-001 -2.400000000e-001 -5.009912278e-005 -1.750000000e-001 -1.750000000e-001 4.852988719e-005 -2.600000000e-001 -2.600000000e-001 1.366444528e-006 
d 4.09500000000000e-008 7.500000000e-002 7.500000000e-002 2.240918771e-007 -4.000000000e-001 -4.000000000e-001 -2.544570823e-005 -3.750000000e-001 -3.750000000e-001 2.394465180e-005 -1.000000000e-001 -1.000000000e-001 1.276964554e-006 
d 4.11100000000000e-008 0.000000000e+000 0.000000000e+000 -4.457462928e-008 -5.000000000e-001 -5.000000000e-001 1.224140476e-007 -5.000000000e-001 -5.000000000e-001 2.077431682e-007 0.000000000e+000 0.000000000e+000 -2.855825865e-007 
d 4.12191098275656e-008 0.000000000e+000 0.000000000e+000 2.867304494e-009 -5.000000000e-001 -5.000000000e-001 -2.106108920e-009 -5.000000000e-001 -5.000000000e-001 -3.850469889e-009 0.000000000e+000 0.000000000e+000 3.089274301e-009 
d 4.13487307177599e-008 0.000000000e+000 0.000000000e+000 1.819915266e-009 -5.000000000e-001 -5.000000000e-001 -1.821647656e-009 -5.000000000e-001 -5.000000000e-001 -1.740121199e-009 0.000000000e+000 0.000000000e+000 1.741853596e-009 
d 4.16079724981486e-008 0.000000000e+000 0.000000000e+000 9.522167353e-010 -5.000000000e-001 -5.000000000e-001 -9.332146412e-010 -5.000000000e-001 -5.000000000e-001 -9.362395163e-010 0.000000000e+000 0.000000000e+000 9.172374183e-010 
d 4.21264560589259e-008 0.000000000e+000 0.000000000e+000 3.679034545e-010 -5.000000000e-001 -5.000000000e-001 -3.619282214e-010 -5.000000000e-001 -5.000000000e-001 -3.618584663e-010 0.000000000e+000 0.000000000e+000 3.558832295e-010 
d 4.31634231804806e-008 0.000000000e+000 0.000000000e+000 8.873664271e-011 -5.000000000e-001 -5.000000000e-001 -8.738521464e-011 -5.000000000e-001 -5.000000000e-001 -8.738607400e-011 0.000000000e+000 0.000000000e+000 8.603464524e-011 
d 4.51471448930074e-008 0.000000000e+000 0.000000000e+000 6.138992267e-012 -5.000000000e-001 -5.000000000e-001 -6.048454849e-012 -5.000000000e-001 -5.000000000e-001 -6.048439958e-012 0.000000000e+000 0.000000000e+000 5.957897143e-012 
d 4.70633613850759e-008 0.000000000e+000 0.000000000e+000 6.329256633e-013 -5.000000000e-001 -5.000000000e-001 -6.232251086e-013 -5.000000000e-001 -5.000000000e-001 -6.232343687e-013 0.000000000e+000 0.000000000e+000 6.135300141e-013 
d 4.87410763151094e-008 0.000000000e+000 0.000000000e+000 1.023665910e-013 -5.000000000e-001 -5.000000000e-001 -1.007952862e-013 -5.000000000e-001 -5.000000000e-001 -1.007971924e-013 0.000000000e+000 0.000000000e+000 9.922576186e-014 
d 5.00000000000000e-008 0.000000000e+000 0.000000000e+000 2.876430786e-014 -5.000000000e-001 -5.000000000e-001 -2.831885214e-014 -5.000000000e-001 -5.000000000e-001 -2.832475261e-014 0.000000000e+000 0.000000000e+000 2.788168545e-014 
