v ATLAS
# This file was created by ATLAS version 5.28.1.R on Tue Dec 16 16:15:34 2025.
#SSF 2.0 generic
##############################################################################
#                    Copyright (c) 1984 - 2019                               #
#                    Silvaco Inc. All rights reserved                        #
#                                                                            #
# This file format and the following Key are copyright Silvaco Inc.          #
# You may not use, this format or key without reproducing this message in    #
# full and obtaining express written permission from Silvaco Inc.            #
#                                                                            #
# To obtain such permission please contact: Silvaco Inc.                     #
#                                           support@silvaco.com              #
#                                                                            #
# KEY=SVC86hn7562asdx                       PROD=345                         #
##############################################################################
y 3 700 711 15
z 0.1 0.01 300
f 4 "gate" "source" "drain" "base" 
p 13 61 2 601 20 3 602 21 4 603 22 5 604 23 
d 2.00100000000000e-008 -1.010000000e+000 -1.010000000e+000 -8.162187193e-007 -9.800000000e-001 -9.800000000e-001 -4.548555263e-002 1.990000000e+000 1.990000000e+000 4.548719888e-002 -1.010000000e+000 -1.010000000e+000 -8.300301203e-007 
d 2.00300000000000e-008 -1.030000000e+000 -1.030000000e+000 -8.271921261e-007 -9.400000000e-001 -9.400000000e-001 -4.364178872e-002 1.970000000e+000 1.970000000e+000 4.364345880e-002 -1.030000000e+000 -1.030000000e+000 -8.428868899e-007 
d 2.00700000000000e-008 -1.070000000e+000 -1.070000000e+000 -8.306476625e-007 -8.600000000e-001 -8.600000000e-001 -3.976190039e-002 1.930000000e+000 1.930000000e+000 3.976357827e-002 -1.070000000e+000 -1.070000000e+000 -8.480114613e-007 
d 2.01500000000000e-008 -1.150000000e+000 -1.150000000e+000 -8.363738027e-007 -7.000000000e-001 -7.000000000e-001 -3.209026957e-002 1.850000000e+000 1.850000000e+000 3.209196387e-002 -1.150000000e+000 -1.150000000e+000 -8.579472375e-007 
d 2.02300000000000e-008 -1.230000000e+000 -1.230000000e+000 -8.311066647e-007 -5.400000000e-001 -5.400000000e-001 -2.451193964e-002 1.770000000e+000 1.770000000e+000 2.451362836e-002 -1.230000000e+000 -1.230000000e+000 -8.577106661e-007 
d 2.03100000000000e-008 -1.310000000e+000 -1.310000000e+000 -8.148234240e-007 -3.800000000e-001 -3.800000000e-001 -1.688495569e-002 1.690000000e+000 1.690000000e+000 1.688661459e-002 -1.310000000e+000 -1.310000000e+000 -8.442070295e-007 
d 2.03900000000000e-008 -1.390000000e+000 -1.390000000e+000 -7.878419845e-007 -2.200000000e-001 -2.200000000e-001 -9.847236046e-003 1.610000000e+000 1.610000000e+000 9.848823827e-003 -1.390000000e+000 -1.390000000e+000 -7.999754760e-007 
d 2.04700000000000e-008 -1.470000000e+000 -1.470000000e+000 -7.571386698e-007 -6.000000000e-002 -6.000000000e-002 -4.648853668e-003 1.530000000e+000 1.530000000e+000 4.650377532e-003 -1.470000000e+000 -1.470000000e+000 -7.667258324e-007 
d 2.05500000000000e-008 -1.550000000e+000 -1.550000000e+000 -7.541822761e-007 1.000000000e-001 1.000000000e-001 -1.875364338e-003 1.450000000e+000 1.450000000e+000 1.876882658e-003 -1.550000000e+000 -1.550000000e+000 -7.641376792e-007 
d 2.06210201772309e-008 -1.621020177e+000 -1.621020177e+000 -7.553063564e-007 2.420403545e-001 2.420403545e-001 -8.026621813e-004 1.378979823e+000 1.378979823e+000 8.041796170e-004 -1.621020177e+000 -1.621020177e+000 -7.621294079e-007 
d 2.06841518213690e-008 -1.684151821e+000 -1.684151821e+000 -7.386719976e-007 3.683036427e-001 3.683036427e-001 -3.473669959e-004 1.315848179e+000 1.315848179e+000 3.488494683e-004 -1.684151821e+000 -1.684151821e+000 -7.438004082e-007 
d 2.07603050008399e-008 -1.760305001e+000 -1.760305001e+000 -6.567821147e-007 5.206100017e-001 5.206100017e-001 -8.653130102e-005 1.239694999e+000 1.239694999e+000 8.784725822e-005 -1.760305001e+000 -1.760305001e+000 -6.591750854e-007 
d 2.08417610121073e-008 -1.841761012e+000 -1.841761012e+000 -4.177312288e-007 6.835220242e-001 6.835220242e-001 -3.536403326e-006 1.158238988e+000 1.158238988e+000 4.376450418e-006 -1.841761012e+000 -1.841761012e+000 -4.223158630e-007 
d 2.08660989236968e-008 -1.866098924e+000 -1.866098924e+000 -4.019994282e-007 7.321978474e-001 7.321978474e-001 -7.502015060e-008 1.133901076e+000 1.133901076e+000 8.839606042e-007 -1.866098924e+000 -1.866098924e+000 -4.069410255e-007 
d 2.08767621037819e-008 -1.876762104e+000 -1.876762104e+000 -3.897176147e-007 7.535242076e-001 7.535242076e-001 4.964107842e-007 1.123237896e+000 1.123237896e+000 2.879758633e-007 -1.876762104e+000 -1.876762104e+000 -3.946690327e-007 
d 2.08896115472674e-008 -1.889611547e+000 -1.889611547e+000 -3.789924670e-007 7.792230945e-001 7.792230945e-001 8.467645651e-007 1.110388453e+000 1.110388453e+000 -8.383097277e-008 -1.889611547e+000 -1.889611547e+000 -3.839411254e-007 
d 2.09110421509622e-008 -1.911042151e+000 -1.911042151e+000 -3.653848112e-007 8.220843019e-001 8.220843019e-001 1.046826904e-006 1.088957849e+000 1.088957849e+000 -3.113236082e-007 -1.911042151e+000 -1.911042151e+000 -3.701184847e-007 
d 2.09204927834197e-008 -1.920492783e+000 -1.920492783e+000 -3.608466428e-007 8.409855668e-001 8.409855668e-001 1.071437144e-006 1.079507217e+000 1.079507217e+000 -3.451616489e-007 -1.920492783e+000 -1.920492783e+000 -3.654288522e-007 
d 2.09292801427326e-008 -1.929280143e+000 -1.929280143e+000 -3.567765747e-007 8.585602855e-001 8.585602855e-001 1.079300407e-006 1.070719857e+000 1.070719857e+000 -3.612948294e-007 -1.929280143e+000 -1.929280143e+000 -3.612290044e-007 
d 2.09316021324049e-008 -1.931602132e+000 -1.931602132e+000 -3.557880594e-007 8.632042648e-001 8.632042648e-001 1.079988600e-006 1.068397868e+000 1.068397868e+000 -3.639939068e-007 -1.931602132e+000 -1.931602132e+000 -3.602066339e-007 
d 2.09339241220773e-008 -1.933924122e+000 -1.933924122e+000 -3.547932595e-007 8.678482442e-001 8.678482442e-001 1.080161067e-006 1.066075878e+000 1.066075878e+000 -3.661948240e-007 -1.933924122e+000 -1.933924122e+000 -3.591729838e-007 
d 2.09362461117496e-008 -1.936246112e+000 -1.936246112e+000 -3.538226218e-007 8.724922235e-001 8.724922235e-001 1.079971205e-006 1.063753888e+000 1.063753888e+000 -3.679818998e-007 -1.936246112e+000 -1.936246112e+000 -3.581666831e-007 
d 2.09408900910942e-008 -1.940890091e+000 -1.940890091e+000 -3.519305917e-007 8.817801822e-001 8.817801822e-001 1.078678789e-006 1.059109909e+000 1.059109909e+000 -3.705364865e-007 -1.940890091e+000 -1.940890091e+000 -3.562117104e-007 
d 2.09501780497834e-008 -1.950178050e+000 -1.950178050e+000 -3.483381517e-007 9.003560996e-001 9.003560996e-001 1.073678949e-006 1.049821950e+000 1.049821950e+000 -3.728035003e-007 -1.950178050e+000 -1.950178050e+000 -3.525372973e-007 
d 2.09687539671619e-008 -1.968753967e+000 -1.968753967e+000 -3.417934135e-007 9.375079343e-001 9.375079343e-001 1.059709472e-006 1.031246033e+000 1.031246033e+000 -3.718566657e-007 -1.968753967e+000 -1.968753967e+000 -3.460593931e-007 
d 2.10059058019188e-008 -2.000000000e+000 -2.000000000e+000 -1.501074383e-007 1.000000000e+000 1.000000000e+000 4.719450145e-007 1.000000000e+000 1.000000000e+000 -1.678553458e-007 -2.000000000e+000 -2.000000000e+000 -1.539822304e-007 
d 2.10172140028127e-008 -2.000000000e+000 -2.000000000e+000 1.461723323e-009 1.000000000e+000 1.000000000e+000 -4.228378912e-009 1.000000000e+000 1.000000000e+000 3.649724195e-009 -2.000000000e+000 -2.000000000e+000 -8.830686274e-010 
d 2.10194924395019e-008 -2.000000000e+000 -2.000000000e+000 1.106159927e-009 1.000000000e+000 1.000000000e+000 5.574802434e-010 1.000000000e+000 1.000000000e+000 -4.849303260e-010 -2.000000000e+000 -2.000000000e+000 -1.178709872e-009 
d 2.10214926495158e-008 -2.000000000e+000 -2.000000000e+000 1.106967684e-009 1.000000000e+000 1.000000000e+000 -7.314195095e-011 1.000000000e+000 1.000000000e+000 8.430462842e-011 -2.000000000e+000 -2.000000000e+000 -1.118130417e-009 
d 2.10234928595298e-008 -2.000000000e+000 -2.000000000e+000 1.075373921e-009 1.000000000e+000 1.000000000e+000 2.154218657e-011 1.000000000e+000 1.000000000e+000 -2.446733427e-012 -2.000000000e+000 -2.000000000e+000 -1.094469446e-009 
d 2.10254930695437e-008 -2.000000000e+000 -2.000000000e+000 1.049024026e-009 1.000000000e+000 1.000000000e+000 6.727334217e-012 1.000000000e+000 1.000000000e+000 1.047181528e-011 -2.000000000e+000 -2.000000000e+000 -1.066223228e-009 
d 2.10274932795576e-008 -2.000000000e+000 -2.000000000e+000 1.022618363e-009 1.000000000e+000 1.000000000e+000 8.753450976e-012 1.000000000e+000 1.000000000e+000 8.186843323e-012 -2.000000000e+000 -2.000000000e+000 -1.039558738e-009 
d 2.10314936995855e-008 -2.000000000e+000 -2.000000000e+000 9.719608675e-010 1.000000000e+000 1.000000000e+000 7.979095125e-012 1.000000000e+000 1.000000000e+000 8.038241390e-012 -2.000000000e+000 -2.000000000e+000 -9.879782147e-010 
d 2.10394945396412e-008 -2.000000000e+000 -2.000000000e+000 8.779709349e-010 1.000000000e+000 1.000000000e+000 7.214612047e-012 1.000000000e+000 1.000000000e+000 7.211194652e-012 -2.000000000e+000 -2.000000000e+000 -8.923967360e-010 
d 2.10554962197527e-008 -2.000000000e+000 -2.000000000e+000 7.161868104e-010 1.000000000e+000 1.000000000e+000 5.848939706e-012 1.000000000e+000 1.000000000e+000 5.849063599e-012 -2.000000000e+000 -2.000000000e+000 -7.278848261e-010 
d 2.10874995799756e-008 -2.000000000e+000 -2.000000000e+000 4.755192881e-010 1.000000000e+000 1.000000000e+000 3.838118293e-012 1.000000000e+000 1.000000000e+000 3.838094737e-012 -2.000000000e+000 -2.000000000e+000 -4.831955067e-010 
d 2.11515063004215e-008 -2.000000000e+000 -2.000000000e+000 2.056559090e-010 1.000000000e+000 1.000000000e+000 1.609672017e-012 1.000000000e+000 1.000000000e+000 1.609667081e-012 -2.000000000e+000 -2.000000000e+000 -2.088752636e-010 
d 2.12267142897663e-008 -2.000000000e+000 -2.000000000e+000 7.585917033e-011 1.000000000e+000 1.000000000e+000 5.494035630e-013 1.000000000e+000 1.000000000e+000 5.493983855e-013 -2.000000000e+000 -2.000000000e+000 -7.695801523e-011 
d 2.13009063569958e-008 -2.000000000e+000 -2.000000000e+000 2.842231859e-011 1.000000000e+000 1.000000000e+000 1.633445357e-013 1.000000000e+000 1.000000000e+000 1.633379896e-013 -2.000000000e+000 -2.000000000e+000 -2.874897758e-011 
d 2.14492904914549e-008 -2.000000000e+000 -2.000000000e+000 2.640371812e-012 1.000000000e+000 1.000000000e+000 -4.633756340e-014 1.000000000e+000 1.000000000e+000 -4.634184291e-014 -2.000000000e+000 -2.000000000e+000 -2.547741236e-012 
d 2.17460587603730e-008 -2.000000000e+000 -2.000000000e+000 -2.590784279e-013 1.000000000e+000 1.000000000e+000 -6.979299299e-014 1.000000000e+000 1.000000000e+000 -6.978912901e-014 -2.000000000e+000 -2.000000000e+000 3.986618369e-013 
d 2.23395952982093e-008 -2.000000000e+000 -2.000000000e+000 1.350518083e-013 1.000000000e+000 1.000000000e+000 -6.665427409e-014 1.000000000e+000 1.000000000e+000 -6.666257677e-014 -2.000000000e+000 -2.000000000e+000 -1.778375038e-015 
d 2.35266683738819e-008 -2.000000000e+000 -2.000000000e+000 5.561241729e-014 1.000000000e+000 1.000000000e+000 -6.727132648e-014 1.000000000e+000 1.000000000e+000 -6.727072564e-014 -2.000000000e+000 -2.000000000e+000 7.893725592e-014 
d 2.59008145252270e-008 -2.000000000e+000 -2.000000000e+000 6.908850794e-014 1.000000000e+000 1.000000000e+000 -6.715482681e-014 1.000000000e+000 1.000000000e+000 -6.716221531e-014 -2.000000000e+000 -2.000000000e+000 6.524266624e-014 
d 3.00000000000000e-008 -2.000000000e+000 -2.000000000e+000 6.754435251e-014 1.000000000e+000 1.000000000e+000 -6.717312325e-014 1.000000000e+000 1.000000000e+000 -6.718137381e-014 -2.000000000e+000 -2.000000000e+000 6.680798250e-014 
