v ATLAS
# This file was created by ATLAS version 5.28.1.R on Tue Dec 16 16:18:24 2025.
#SSF 2.0 generic
##############################################################################
#                    Copyright (c) 1984 - 2019                               #
#                    Silvaco Inc. All rights reserved                        #
#                                                                            #
# This file format and the following Key are copyright Silvaco Inc.          #
# You may not use, this format or key without reproducing this message in    #
# full and obtaining express written permission from Silvaco Inc.            #
#                                                                            #
# To obtain such permission please contact: Silvaco Inc.                     #
#                                           support@silvaco.com              #
#                                                                            #
# KEY=SVC86hn7562asdx                       PROD=345                         #
##############################################################################
y 3 700 711 15
z 0.1 0.01 300
f 4 "gate" "source" "drain" "base" 
p 13 61 2 601 20 3 602 21 4 603 22 5 604 23 
d 3.00100000000000e-008 -1.965000000e+000 -1.965000000e+000 6.603598122e-007 1.005000000e+000 1.005000000e+000 -3.423807004e-007 1.010000000e+000 1.010000000e+000 -1.039821648e-007 -2.000000000e+000 -2.000000000e+000 -2.139969469e-007 
d 3.00206485653368e-008 -1.927730021e+000 -1.927730021e+000 6.899660039e-007 1.010324283e+000 1.010324283e+000 -3.412129941e-007 1.020648565e+000 1.020648565e+000 -1.049026247e-007 -2.000000000e+000 -2.000000000e+000 -2.438503868e-007 
d 3.00271333498292e-008 -1.905033276e+000 -1.905033276e+000 7.090470548e-007 1.013566675e+000 1.013566675e+000 -3.418015560e-007 1.027133350e+000 1.027133350e+000 -1.045895467e-007 -2.000000000e+000 -2.000000000e+000 -2.626559521e-007 
d 3.00401029188140e-008 -1.859639784e+000 -1.859639784e+000 7.466554491e-007 1.020051459e+000 1.020051459e+000 -3.425583565e-007 1.040102919e+000 1.040102919e+000 -1.038576370e-007 -2.000000000e+000 -2.000000000e+000 -3.002394556e-007 
d 3.00660420567836e-008 -1.768852801e+000 -1.768852801e+000 8.123002853e-007 1.033021028e+000 1.033021028e+000 -3.435631270e-007 1.066042057e+000 1.066042057e+000 -1.019622651e-007 -2.000000000e+000 -2.000000000e+000 -3.667748932e-007 
d 3.01179203327229e-008 -1.587278835e+000 -1.587278835e+000 8.807029745e-007 1.058960166e+000 1.058960166e+000 -3.475717572e-007 1.117920333e+000 1.117920333e+000 -9.853269664e-008 -2.000000000e+000 -2.000000000e+000 -4.345985207e-007 
d 3.02216768846015e-008 -1.224130904e+000 -1.224130904e+000 8.825450861e-007 1.110838442e+000 1.110838442e+000 -3.744806060e-007 1.221676885e+000 1.221676885e+000 -8.334795432e-008 -2.000000000e+000 -2.000000000e+000 -4.247165258e-007 
d 3.03641427037595e-008 -7.255005368e-001 -7.255005368e-001 8.703497836e-007 1.182071352e+000 1.182071352e+000 -6.254852634e-007 1.364142704e+000 1.364142704e+000 1.489325198e-007 -2.000000000e+000 -2.000000000e+000 -3.937970401e-007 
d 3.04754322228297e-008 -3.359872201e-001 -3.359872201e-001 8.798033023e-007 1.237716111e+000 1.237716111e+000 -2.327559653e-006 1.475432223e+000 1.475432223e+000 1.822658872e-006 -2.000000000e+000 -2.000000000e+000 -3.749025212e-007 
d 3.05867217418999e-008 5.352609665e-002 5.352609665e-002 9.113509523e-007 1.293360871e+000 1.293360871e+000 -1.087908869e-005 1.586721742e+000 1.586721742e+000 1.029751365e-005 -2.000000000e+000 -2.000000000e+000 -3.297759138e-007 
d 3.06980112609700e-008 4.430394134e-001 4.430394134e-001 9.581355985e-007 1.349005630e+000 1.349005630e+000 -2.923902317e-005 1.698011261e+000 1.698011261e+000 2.854128714e-005 -2.000000000e+000 -2.000000000e+000 -2.603995735e-007 
d 3.08093007800402e-008 8.325527301e-001 8.325527301e-001 9.676070933e-007 1.404650390e+000 1.404650390e+000 -4.521745875e-005 1.809300780e+000 1.809300780e+000 4.446433445e-005 -2.000000000e+000 -2.000000000e+000 -2.144827939e-007 
d 3.09205902991104e-008 1.222066047e+000 1.222066047e+000 9.240155214e-007 1.460295150e+000 1.460295150e+000 -5.294942129e-005 1.920590299e+000 1.920590299e+000 5.221852548e-005 -2.000000000e+000 -2.000000000e+000 -1.931197134e-007 
d 3.10109173943405e-008 1.500000000e+000 1.500000000e+000 5.063892760e-007 1.500000000e+000 1.500000000e+000 -5.301120889e-005 2.000000000e+000 2.000000000e+000 5.258734375e-005 -2.000000000e+000 -2.000000000e+000 -8.252413157e-008 
d 3.10637494159799e-008 1.500000000e+000 1.500000000e+000 1.645824279e-008 1.500000000e+000 1.500000000e+000 -4.245230020e-005 2.000000000e+000 2.000000000e+000 4.237772666e-005 -2.000000000e+000 -2.000000000e+000 5.811529788e-008 
d 3.11410639166926e-008 1.500000000e+000 1.500000000e+000 1.695361210e-008 1.500000000e+000 1.500000000e+000 -3.367056980e-005 2.000000000e+000 2.000000000e+000 3.361738351e-005 -2.000000000e+000 -2.000000000e+000 3.623266836e-008 
d 3.12956929181181e-008 1.500000000e+000 1.500000000e+000 9.595465611e-009 1.500000000e+000 1.500000000e+000 -2.471561189e-005 2.000000000e+000 2.000000000e+000 2.468294360e-005 -2.000000000e+000 -2.000000000e+000 2.307282554e-008 
d 3.16049509209690e-008 1.500000000e+000 1.500000000e+000 4.771355850e-009 1.500000000e+000 1.500000000e+000 -1.745699525e-005 2.000000000e+000 2.000000000e+000 1.743998156e-005 -2.000000000e+000 -2.000000000e+000 1.224233170e-008 
d 3.22234669266709e-008 1.500000000e+000 1.500000000e+000 2.016308048e-009 1.500000000e+000 1.500000000e+000 -1.250499790e-005 2.000000000e+000 2.000000000e+000 1.249726751e-005 -2.000000000e+000 -2.000000000e+000 5.714088418e-009 
d 3.34604989380746e-008 1.500000000e+000 1.500000000e+000 7.318111688e-010 1.500000000e+000 1.500000000e+000 -9.471121393e-006 2.000000000e+000 2.000000000e+000 9.468066561e-006 -2.000000000e+000 -2.000000000e+000 2.323021055e-009 
d 3.59345629608821e-008 1.500000000e+000 1.500000000e+000 2.099898195e-010 1.500000000e+000 1.500000000e+000 -7.786236923e-006 2.000000000e+000 2.000000000e+000 7.785285523e-006 -2.000000000e+000 -2.000000000e+000 7.414096079e-010 
d 4.00000000000000e-008 1.500000000e+000 1.500000000e+000 4.881409516e-011 1.500000000e+000 1.500000000e+000 -7.107862905e-006 2.000000000e+000 2.000000000e+000 7.107633546e-006 -2.000000000e+000 -2.000000000e+000 1.805450104e-010 
