v ATLAS
# This file was created by ATLAS version 5.28.1.R on Tue Dec 16 16:21:25 2025.
#SSF 2.0 generic
##############################################################################
#                    Copyright (c) 1984 - 2019                               #
#                    Silvaco Inc. All rights reserved                        #
#                                                                            #
# This file format and the following Key are copyright Silvaco Inc.          #
# You may not use, this format or key without reproducing this message in    #
# full and obtaining express written permission from Silvaco Inc.            #
#                                                                            #
# To obtain such permission please contact: Silvaco Inc.                     #
#                                           support@silvaco.com              #
#                                                                            #
# KEY=SVC86hn7562asdx                       PROD=345                         #
##############################################################################
y 3 700 711 15
z 0.1 0.01 300
f 4 "gate" "source" "drain" "base" 
p 13 61 2 601 20 3 602 21 4 603 22 5 604 23 
d 5.00100000000000e-008 -2.000000000e-002 -2.000000000e-002 -1.021868749e-006 -4.850000000e-001 -4.850000000e-001 1.045022524e-006 -4.850000000e-001 -4.850000000e-001 1.045022525e-006 -2.000000000e-002 -2.000000000e-002 -1.068176300e-006 
d 5.00191038721295e-008 -3.820774426e-002 -3.820774426e-002 -9.741493377e-007 -4.713441918e-001 -4.713441918e-001 9.944598918e-007 -4.713441918e-001 -4.713441918e-001 9.944598924e-007 -3.820774426e-002 -3.820774426e-002 -1.014770446e-006 
d 5.00315027864419e-008 -6.300557288e-002 -6.300557288e-002 -9.347329546e-007 -4.527458203e-001 -4.527458203e-001 9.518672039e-007 -4.527458203e-001 -4.527458203e-001 9.518672043e-007 -6.300557288e-002 -6.300557288e-002 -9.690014536e-007 
d 5.00563006150666e-008 -1.126012301e-001 -1.126012301e-001 -8.566101326e-007 -4.155490774e-001 -4.155490774e-001 8.660923136e-007 -4.155490774e-001 -4.155490774e-001 8.660923139e-007 -1.126012301e-001 -1.126012301e-001 -8.755744949e-007 
d 5.01058962723159e-008 -2.117925446e-001 -2.117925446e-001 -7.711080685e-007 -3.411555915e-001 -3.411555915e-001 7.747688648e-007 -3.411555915e-001 -3.411555915e-001 7.747688647e-007 -2.117925446e-001 -2.117925446e-001 -7.784296611e-007 
d 5.01503854631855e-008 -3.007709264e-001 -3.007709264e-001 -7.510453077e-007 -2.744218052e-001 -2.744218052e-001 7.546890627e-007 -2.744218052e-001 -2.744218052e-001 7.546890625e-007 -3.007709264e-001 -3.007709264e-001 -7.583328175e-007 
d 5.01663003307982e-008 -3.326006616e-001 -3.326006616e-001 -7.473457546e-007 -2.505495038e-001 -2.505495038e-001 7.509836259e-007 -2.505495038e-001 -2.505495038e-001 7.509836257e-007 -3.326006616e-001 -3.326006616e-001 -7.546214970e-007 
d 5.01838982869335e-008 -3.677965739e-001 -3.677965739e-001 -7.431949167e-007 -2.241525696e-001 -2.241525696e-001 7.468112703e-007 -2.241525696e-001 -2.241525696e-001 7.468112700e-007 -3.677965739e-001 -3.677965739e-001 -7.504276236e-007 
d 5.02190941992041e-008 -4.381883984e-001 -4.381883984e-001 -7.372568740e-007 -1.713587012e-001 -1.713587012e-001 7.408755796e-007 -1.713587012e-001 -1.713587012e-001 7.408755793e-007 -4.381883984e-001 -4.381883984e-001 -7.444942849e-007 
d 5.02706917014127e-008 -5.413834028e-001 -5.413834028e-001 -7.318923987e-007 -9.396244788e-002 -9.396244788e-002 7.355592947e-007 -9.396244788e-002 -9.396244788e-002 7.355592944e-007 -5.413834028e-001 -5.413834028e-001 -7.392261904e-007 
d 5.02892599802700e-008 -5.785199605e-001 -5.785199605e-001 -7.306582806e-007 -6.611002960e-002 -6.611002960e-002 7.343497181e-007 -6.611002960e-002 -6.611002960e-002 7.343497178e-007 -5.785199605e-001 -5.785199605e-001 -7.380411553e-007 
d 5.03015604332671e-008 -6.031208665e-001 -6.031208665e-001 -7.298513021e-007 -4.765935010e-002 -4.765935010e-002 7.335589626e-007 -4.765935010e-002 -4.765935010e-002 7.335589623e-007 -6.031208665e-001 -6.031208665e-001 -7.372666227e-007 
d 5.03261613392612e-008 -6.523226785e-001 -6.523226785e-001 -7.284150530e-007 -1.075799111e-002 -1.075799111e-002 7.321572567e-007 -1.075799111e-002 -1.075799111e-002 7.321572564e-007 -6.523226785e-001 -6.523226785e-001 -7.358994601e-007 
d 5.03753631512496e-008 -7.507263025e-001 -7.507263025e-001 -7.261285993e-007 6.304472687e-002 6.304472687e-002 7.299478139e-007 6.304472687e-002 6.304472687e-002 7.299478136e-007 -7.507263025e-001 -7.507263025e-001 -7.337670281e-007 
d 5.04200682891567e-008 -8.401365783e-001 -8.401365783e-001 -7.245472701e-007 1.301024337e-001 1.301024337e-001 7.284449626e-007 1.301024337e-001 1.301024337e-001 7.284449623e-007 -8.401365783e-001 -8.401365783e-001 -7.323426547e-007 
d 5.04368701445015e-008 -8.737402890e-001 -8.737402890e-001 -7.240420766e-007 1.553052168e-001 1.553052168e-001 7.279710677e-007 1.553052168e-001 1.553052168e-001 7.279710674e-007 -8.737402890e-001 -8.737402890e-001 -7.319000584e-007 
d 5.04593174383699e-008 -9.186348767e-001 -9.186348767e-001 -7.233899013e-007 1.889761576e-001 1.889761576e-001 7.273607664e-007 1.889761576e-001 1.889761576e-001 7.273607661e-007 -9.186348767e-001 -9.186348767e-001 -7.313316313e-007 
d 5.05042120261068e-008 -1.008424052e+000 -1.008424052e+000 -7.222202045e-007 2.563180392e-001 2.563180392e-001 7.262757877e-007 2.563180392e-001 2.563180392e-001 7.262757874e-007 -1.008424052e+000 -1.008424052e+000 -7.303313706e-007 
d 5.05779897832623e-008 -1.155979567e+000 -1.155979567e+000 -7.205923898e-007 3.669846749e-001 3.669846749e-001 7.247797656e-007 3.669846749e-001 3.669846749e-001 7.247797652e-007 -1.155979567e+000 -1.155979567e+000 -7.289671410e-007 
d 5.06553989953489e-008 -1.310797991e+000 -1.310797991e+000 -7.191737557e-007 4.830984930e-001 4.830984930e-001 7.234629992e-007 4.830984930e-001 4.830984930e-001 7.234629988e-007 -1.310797991e+000 -1.310797991e+000 -7.277522422e-007 
d 5.06995567822502e-008 -1.399113565e+000 -1.399113565e+000 -7.184716416e-007 5.493351734e-001 5.493351734e-001 7.227875050e-007 5.493351734e-001 5.493351734e-001 7.227875046e-007 -1.399113565e+000 -1.399113565e+000 -7.271033679e-007 
d 5.07577624908831e-008 -1.515524982e+000 -1.515524982e+000 -7.176113713e-007 6.366437363e-001 6.366437363e-001 7.219308682e-007 6.366437363e-001 6.366437363e-001 7.219308677e-007 -1.515524982e+000 -1.515524982e+000 -7.262503646e-007 
d 5.08515309944438e-008 -1.703061989e+000 -1.703061989e+000 -7.163660196e-007 7.772964917e-001 7.772964917e-001 7.206010827e-007 7.772964917e-001 7.772964917e-001 7.206010821e-007 -1.703061989e+000 -1.703061989e+000 -7.248361451e-007 
d 5.09857478986595e-008 -1.971495797e+000 -1.971495797e+000 -7.147236797e-007 9.786218480e-001 9.786218480e-001 7.186559547e-007 9.786218480e-001 9.786218480e-001 7.186559540e-007 -1.971495797e+000 -1.971495797e+000 -7.225882290e-007 
d 5.10003932652354e-008 -2.000000000e+000 -2.000000000e+000 -6.490599011e-007 1.000000000e+000 1.000000000e+000 6.525852058e-007 1.000000000e+000 1.000000000e+000 6.525852052e-007 -2.000000000e+000 -2.000000000e+000 -6.561105099e-007 
d 5.10022239360574e-008 -2.000000000e+000 -2.000000000e+000 1.922901365e-009 1.000000000e+000 1.000000000e+000 -1.957970078e-009 1.000000000e+000 1.000000000e+000 -1.957970074e-009 -2.000000000e+000 -2.000000000e+000 1.993038724e-009 
d 5.10029568879036e-008 -2.000000000e+000 -2.000000000e+000 -3.938223389e-011 1.000000000e+000 1.000000000e+000 4.384646271e-011 1.000000000e+000 1.000000000e+000 4.384645274e-011 -2.000000000e+000 -2.000000000e+000 -4.831078192e-011 
d 5.10036898397499e-008 -2.000000000e+000 -2.000000000e+000 -4.531433249e-012 1.000000000e+000 1.000000000e+000 6.113092629e-012 1.000000000e+000 1.000000000e+000 6.113096849e-012 -2.000000000e+000 -2.000000000e+000 -7.694900456e-012 
d 5.10044227915962e-008 -2.000000000e+000 -2.000000000e+000 -3.639505376e-012 1.000000000e+000 1.000000000e+000 4.669570234e-012 1.000000000e+000 1.000000000e+000 4.669560289e-012 -2.000000000e+000 -2.000000000e+000 -5.699738703e-012 
d 5.10051557434424e-008 -2.000000000e+000 -2.000000000e+000 -2.682283152e-012 1.000000000e+000 1.000000000e+000 3.348563458e-012 1.000000000e+000 1.000000000e+000 3.348558319e-012 -2.000000000e+000 -2.000000000e+000 -4.014915623e-012 
d 5.10066216471350e-008 -2.000000000e+000 -2.000000000e+000 -1.470136858e-012 1.000000000e+000 1.000000000e+000 1.749452368e-012 1.000000000e+000 1.000000000e+000 1.749448673e-012 -2.000000000e+000 -2.000000000e+000 -2.028857350e-012 
d 5.10095279923499e-008 -2.000000000e+000 -2.000000000e+000 -4.176748661e-013 1.000000000e+000 1.000000000e+000 4.582283848e-013 1.000000000e+000 1.000000000e+000 4.582018643e-013 -2.000000000e+000 -2.000000000e+000 -4.987972189e-013 
d 5.10139117154068e-008 -2.000000000e+000 -2.000000000e+000 -4.342163207e-014 1.000000000e+000 1.000000000e+000 4.316542346e-014 1.000000000e+000 1.000000000e+000 4.317400529e-014 -2.000000000e+000 -2.000000000e+000 -4.294155880e-014 
d 5.10177810745904e-008 -2.000000000e+000 -2.000000000e+000 -6.264356773e-015 1.000000000e+000 1.000000000e+000 6.262017876e-015 1.000000000e+000 1.000000000e+000 6.255679936e-015 -2.000000000e+000 -2.000000000e+000 -6.312733544e-015 
d 5.10221573060053e-008 -2.000000000e+000 -2.000000000e+000 -6.749148435e-016 1.000000000e+000 1.000000000e+000 6.811737335e-016 1.000000000e+000 1.000000000e+000 6.895209329e-016 -2.000000000e+000 -2.000000000e+000 -6.843773450e-016 
d 5.10261683669630e-008 -2.000000000e+000 -2.000000000e+000 -1.661068956e-016 1.000000000e+000 1.000000000e+000 1.633129460e-016 1.000000000e+000 1.000000000e+000 1.725072742e-016 -2.000000000e+000 -2.000000000e+000 -1.692964166e-016 
d 5.10310172244556e-008 -2.000000000e+000 -2.000000000e+000 -9.408080062e-017 1.000000000e+000 1.000000000e+000 1.132361512e-016 1.000000000e+000 1.000000000e+000 1.024241292e-016 -2.000000000e+000 -2.000000000e+000 -9.727468758e-017 
d 5.10396109687752e-008 -2.000000000e+000 -2.000000000e+000 -9.002615993e-017 1.000000000e+000 1.000000000e+000 1.050007455e-016 1.000000000e+000 1.000000000e+000 9.725410176e-017 -2.000000000e+000 -2.000000000e+000 -9.284682290e-017 
d 5.10567984574145e-008 -2.000000000e+000 -2.000000000e+000 -9.049627043e-017 1.000000000e+000 1.000000000e+000 1.203840508e-016 1.000000000e+000 1.000000000e+000 1.048035860e-016 -2.000000000e+000 -2.000000000e+000 -9.294476259e-017 
d 5.10796970087184e-008 -2.000000000e+000 -2.000000000e+000 -9.036196750e-017 1.000000000e+000 1.000000000e+000 1.122547137e-016 1.000000000e+000 1.000000000e+000 1.075817650e-016 -2.000000000e+000 -2.000000000e+000 -9.293491646e-017 
d 5.11254941113263e-008 -2.000000000e+000 -2.000000000e+000 -9.042812905e-017 1.000000000e+000 1.000000000e+000 1.188654952e-016 1.000000000e+000 1.000000000e+000 1.117355932e-016 -2.000000000e+000 -2.000000000e+000 -9.296432160e-017 
d 5.12118241271140e-008 -2.000000000e+000 -2.000000000e+000 -9.039673425e-017 1.000000000e+000 1.000000000e+000 1.127243033e-016 1.000000000e+000 1.000000000e+000 1.148685703e-016 -2.000000000e+000 -2.000000000e+000 -9.293938614e-017 
d 5.13491683736985e-008 -2.000000000e+000 -2.000000000e+000 -9.041499159e-017 1.000000000e+000 1.000000000e+000 1.131170625e-016 1.000000000e+000 1.000000000e+000 1.118335749e-016 -2.000000000e+000 -2.000000000e+000 -9.297411457e-017 
d 5.15463759459452e-008 -2.000000000e+000 -2.000000000e+000 -9.037944779e-017 1.000000000e+000 1.000000000e+000 1.134859526e-016 1.000000000e+000 1.000000000e+000 1.141350923e-016 -2.000000000e+000 -2.000000000e+000 -9.293850017e-017 
d 5.17998344454953e-008 -2.000000000e+000 -2.000000000e+000 -9.040768687e-017 1.000000000e+000 1.000000000e+000 1.204278373e-016 1.000000000e+000 1.000000000e+000 1.152829075e-016 -2.000000000e+000 -2.000000000e+000 -9.295004193e-017 
d 5.21023636320829e-008 -2.000000000e+000 -2.000000000e+000 -9.039066263e-017 1.000000000e+000 1.000000000e+000 1.181323984e-016 1.000000000e+000 1.000000000e+000 1.119681427e-016 -2.000000000e+000 -2.000000000e+000 -9.293684713e-017 
d 5.24215752023611e-008 -2.000000000e+000 -2.000000000e+000 -9.040754320e-017 1.000000000e+000 1.000000000e+000 1.187551739e-016 1.000000000e+000 1.000000000e+000 1.124645836e-016 -2.000000000e+000 -2.000000000e+000 -9.293456692e-017 
d 5.27448013991329e-008 -2.000000000e+000 -2.000000000e+000 -9.041579851e-017 1.000000000e+000 1.000000000e+000 1.211027763e-016 1.000000000e+000 1.000000000e+000 1.173983379e-016 -2.000000000e+000 -2.000000000e+000 -9.294997400e-017 
d 5.30831942297823e-008 -2.000000000e+000 -2.000000000e+000 -9.041065619e-017 1.000000000e+000 1.000000000e+000 1.218871541e-016 1.000000000e+000 1.000000000e+000 1.166142591e-016 -2.000000000e+000 -2.000000000e+000 -9.295660848e-017 
d 5.34539263452631e-008 -2.000000000e+000 -2.000000000e+000 -9.040649551e-017 1.000000000e+000 1.000000000e+000 1.227754800e-016 1.000000000e+000 1.000000000e+000 1.139507713e-016 -2.000000000e+000 -2.000000000e+000 -9.295285039e-017 
d 5.38316173304588e-008 -2.000000000e+000 -2.000000000e+000 -9.040409789e-017 1.000000000e+000 1.000000000e+000 1.204792772e-016 1.000000000e+000 1.000000000e+000 1.090157934e-016 -2.000000000e+000 -2.000000000e+000 -9.294721454e-017 
d 5.41991115824941e-008 -2.000000000e+000 -2.000000000e+000 -9.042525287e-017 1.000000000e+000 1.000000000e+000 1.195371847e-016 1.000000000e+000 1.000000000e+000 1.067961919e-016 -2.000000000e+000 -2.000000000e+000 -9.295190145e-017 
d 5.45543809012395e-008 -2.000000000e+000 -2.000000000e+000 -9.040107429e-017 1.000000000e+000 1.000000000e+000 1.238215118e-016 1.000000000e+000 1.000000000e+000 1.096696733e-016 -2.000000000e+000 -2.000000000e+000 -9.294074974e-017 
d 5.49216203952066e-008 -2.000000000e+000 -2.000000000e+000 -9.039722344e-017 1.000000000e+000 1.000000000e+000 1.148671036e-016 1.000000000e+000 1.000000000e+000 1.033771227e-016 -2.000000000e+000 -2.000000000e+000 -9.295496083e-017 
d 5.53105743547256e-008 -2.000000000e+000 -2.000000000e+000 -9.040374653e-017 1.000000000e+000 1.000000000e+000 1.160943935e-016 1.000000000e+000 1.000000000e+000 1.044727256e-016 -2.000000000e+000 -2.000000000e+000 -9.295285450e-017 
d 5.57032811849314e-008 -2.000000000e+000 -2.000000000e+000 -9.040053942e-017 1.000000000e+000 1.000000000e+000 1.154137174e-016 1.000000000e+000 1.000000000e+000 1.087565042e-016 -2.000000000e+000 -2.000000000e+000 -9.294329035e-017 
d 5.61042068172068e-008 -2.000000000e+000 -2.000000000e+000 -9.039308396e-017 1.000000000e+000 1.000000000e+000 1.162765953e-016 1.000000000e+000 1.000000000e+000 1.046049137e-016 -2.000000000e+000 -2.000000000e+000 -9.295256708e-017 
d 5.65087975577388e-008 -2.000000000e+000 -2.000000000e+000 -9.039469959e-017 1.000000000e+000 1.000000000e+000 1.171113619e-016 1.000000000e+000 1.000000000e+000 1.055172016e-016 -2.000000000e+000 -2.000000000e+000 -9.296095312e-017 
d 5.69076522146840e-008 -2.000000000e+000 -2.000000000e+000 -9.040747039e-017 1.000000000e+000 1.000000000e+000 1.243933621e-016 1.000000000e+000 1.000000000e+000 1.104278619e-016 -2.000000000e+000 -2.000000000e+000 -9.294479153e-017 
d 5.72938050513534e-008 -2.000000000e+000 -2.000000000e+000 -9.041610283e-017 1.000000000e+000 1.000000000e+000 1.205032222e-016 1.000000000e+000 1.000000000e+000 1.065101685e-016 -2.000000000e+000 -2.000000000e+000 -9.295318708e-017 
d 5.76809346259088e-008 -2.000000000e+000 -2.000000000e+000 -9.040191471e-017 1.000000000e+000 1.000000000e+000 1.248391997e-016 1.000000000e+000 1.000000000e+000 1.140818439e-016 -2.000000000e+000 -2.000000000e+000 -9.295346945e-017 
d 5.80598150324141e-008 -2.000000000e+000 -2.000000000e+000 -9.042863081e-017 1.000000000e+000 1.000000000e+000 1.257238630e-016 1.000000000e+000 1.000000000e+000 1.114969001e-016 -2.000000000e+000 -2.000000000e+000 -9.295310083e-017 
d 5.84407077682994e-008 -2.000000000e+000 -2.000000000e+000 -9.040343092e-017 1.000000000e+000 1.000000000e+000 1.219146955e-016 1.000000000e+000 1.000000000e+000 1.084428844e-016 -2.000000000e+000 -2.000000000e+000 -9.295080319e-017 
d 5.88179337941343e-008 -2.000000000e+000 -2.000000000e+000 -9.040218250e-017 1.000000000e+000 1.000000000e+000 1.170573339e-016 1.000000000e+000 1.000000000e+000 1.117315361e-016 -2.000000000e+000 -2.000000000e+000 -9.295378863e-017 
d 5.91843412979679e-008 -2.000000000e+000 -2.000000000e+000 -9.038931626e-017 1.000000000e+000 1.000000000e+000 1.178420264e-016 1.000000000e+000 1.000000000e+000 1.125687418e-016 -2.000000000e+000 -2.000000000e+000 -9.295469909e-017 
d 5.95765474797634e-008 -2.000000000e+000 -2.000000000e+000 -9.039060954e-017 1.000000000e+000 1.000000000e+000 1.122536902e-016 1.000000000e+000 1.000000000e+000 1.094900093e-016 -2.000000000e+000 -2.000000000e+000 -9.295119897e-017 
d 5.99921363393421e-008 -2.000000000e+000 -2.000000000e+000 -9.041415953e-017 1.000000000e+000 1.000000000e+000 1.118085653e-016 1.000000000e+000 1.000000000e+000 1.105592584e-016 -2.000000000e+000 -2.000000000e+000 -9.295057445e-017 
d 6.00000000000000e-008 -2.000000000e+000 -2.000000000e+000 -9.033557662e-017 1.000000000e+000 1.000000000e+000 1.049484337e-016 1.000000000e+000 1.000000000e+000 1.001792543e-016 -2.000000000e+000 -2.000000000e+000 -9.298998693e-017 
